0 info it worked if it ends with ok
1 verbose cli [ '/Users/patricklewis/.nvm/versions/node/v7.1.0/bin/node',
1 verbose cli   '/Users/patricklewis/.nvm/versions/node/v7.1.0/bin/npm',
1 verbose cli   'run',
1 verbose cli   'build' ]
2 info using npm@3.10.9
3 info using node@v7.1.0
4 verbose run-script [ 'prebuild', 'build', 'postbuild' ]
5 info lifecycle uTu-Botkit-Demo@0.0.1~prebuild: uTu-Botkit-Demo@0.0.1
6 silly lifecycle uTu-Botkit-Demo@0.0.1~prebuild: no script for prebuild, continuing
7 info lifecycle uTu-Botkit-Demo@0.0.1~build: uTu-Botkit-Demo@0.0.1
8 verbose lifecycle uTu-Botkit-Demo@0.0.1~build: unsafe-perm in lifecycle true
9 verbose lifecycle uTu-Botkit-Demo@0.0.1~build: PATH: /Users/patricklewis/.nvm/versions/node/v7.1.0/lib/node_modules/npm/bin/node-gyp-bin:/Users/patricklewis/Documents/sites/uTu/betterbots-botkit/node_modules/.bin:/Users/patricklewis/.nvm/versions/node/v7.1.0/bin:/Users/patricklewis/google-cloud-sdk/bin:/Users/patricklewis/Documents/sites/go/bin:/usr/local/bin:/usr/bin:/bin:/usr/sbin:/sbin:~/.composer/vendor/bin:/opt/X11/bin:/usr/local/go/bin:/usr/local/MacGPG2/bin
10 verbose lifecycle uTu-Botkit-Demo@0.0.1~build: CWD: /Users/patricklewis/Documents/sites/uTu/betterbots-botkit
11 silly lifecycle uTu-Botkit-Demo@0.0.1~build: Args: [ '-c', 'babel -w --presets es2015 src -d dist' ]
12 silly lifecycle uTu-Botkit-Demo@0.0.1~build: Returned: code: 2  signal: null
13 info lifecycle uTu-Botkit-Demo@0.0.1~build: Failed to exec build script
14 verbose stack Error: uTu-Botkit-Demo@0.0.1 build: `babel -w --presets es2015 src -d dist`
14 verbose stack Exit status 2
14 verbose stack     at EventEmitter.<anonymous> (/Users/patricklewis/.nvm/versions/node/v7.1.0/lib/node_modules/npm/lib/utils/lifecycle.js:255:16)
14 verbose stack     at emitTwo (events.js:106:13)
14 verbose stack     at EventEmitter.emit (events.js:191:7)
14 verbose stack     at ChildProcess.<anonymous> (/Users/patricklewis/.nvm/versions/node/v7.1.0/lib/node_modules/npm/lib/utils/spawn.js:40:14)
14 verbose stack     at emitTwo (events.js:106:13)
14 verbose stack     at ChildProcess.emit (events.js:191:7)
14 verbose stack     at maybeClose (internal/child_process.js:885:16)
14 verbose stack     at Process.ChildProcess._handle.onexit (internal/child_process.js:226:5)
15 verbose pkgid uTu-Botkit-Demo@0.0.1
16 verbose cwd /Users/patricklewis/Documents/sites/uTu/betterbots-botkit/lesson-7-Tracking
17 error Darwin 16.3.0
18 error argv "/Users/patricklewis/.nvm/versions/node/v7.1.0/bin/node" "/Users/patricklewis/.nvm/versions/node/v7.1.0/bin/npm" "run" "build"
19 error node v7.1.0
20 error npm  v3.10.9
21 error code ELIFECYCLE
22 error uTu-Botkit-Demo@0.0.1 build: `babel -w --presets es2015 src -d dist`
22 error Exit status 2
23 error Failed at the uTu-Botkit-Demo@0.0.1 build script 'babel -w --presets es2015 src -d dist'.
23 error Make sure you have the latest version of node.js and npm installed.
23 error If you do, this is most likely a problem with the uTu-Botkit-Demo package,
23 error not with npm itself.
23 error Tell the author that this fails on your system:
23 error     babel -w --presets es2015 src -d dist
23 error You can get information on how to open an issue for this project with:
23 error     npm bugs uTu-Botkit-Demo
23 error Or if that isn't available, you can get their info via:
23 error     npm owner ls uTu-Botkit-Demo
23 error There is likely additional logging output above.
24 verbose exit [ 1, true ]
